<?xml version="1.0" encoding="UTF-8"?>
<testng-results ignored="0" total="5" passed="4" failed="1" skipped="0">
  <reporter-output>
  </reporter-output>
  <suite started-at="2024-01-05T18:47:54 IST" name="E-Commerce App" finished-at="2024-01-05T18:48:31 IST" duration-ms="37150">
    <groups>
      <group name="ErrorHandling">
        <method signature="ErrorValidationTest.loginErrorValidation()[pri:0, instance:dhruvakumar.tests.ErrorValidationTest@3f270e0a]" name="loginErrorValidation" class="dhruvakumar.tests.ErrorValidationTest"/>
      </group> <!-- ErrorHandling -->
    </groups>
    <test started-at="2024-01-05T18:47:54 IST" name="Error Validation Test" finished-at="2024-01-05T18:48:10 IST" duration-ms="15797">
      <class name="dhruvakumar.tests.ErrorValidationTest">
        <test-method is-config="true" signature="lanuchApplication()[pri:0, instance:dhruvakumar.tests.ErrorValidationTest@3f270e0a]" started-at="2024-01-05T18:47:55 IST" name="lanuchApplication" finished-at="2024-01-05T18:48:00 IST" duration-ms="5631" status="PASS">
          <reporter-output>
          </reporter-output>
        </test-method> <!-- lanuchApplication -->
        <test-method signature="loginErrorValidation()[pri:0, instance:dhruvakumar.tests.ErrorValidationTest@3f270e0a]" started-at="2024-01-05T18:48:00 IST" name="loginErrorValidation" finished-at="2024-01-05T18:48:01 IST" duration-ms="875" status="FAIL">
          <exception class="java.lang.AssertionError">
            <message>
              <![CDATA[expected [Incorrect email or password.] but found [Incsorrect email or password.]]]>
            </message>
            <full-stacktrace>
              <![CDATA[java.lang.AssertionError: expected [Incorrect email or password.] but found [Incsorrect email or password.]
at org.testng.Assert.fail(Assert.java:111)
at org.testng.Assert.failNotEquals(Assert.java:1578)
at org.testng.Assert.assertEqualsImpl(Assert.java:150)
at org.testng.Assert.assertEquals(Assert.java:132)
at org.testng.Assert.assertEquals(Assert.java:656)
at org.testng.Assert.assertEquals(Assert.java:666)
at dhruvakumar.tests.ErrorValidationTest.loginErrorValidation(ErrorValidationTest.java:23)
at java.base/jdk.internal.reflect.NativeMethodAccessorImpl.invoke0(Native Method)
at java.base/jdk.internal.reflect.NativeMethodAccessorImpl.invoke(NativeMethodAccessorImpl.java:77)
at java.base/jdk.internal.reflect.DelegatingMethodAccessorImpl.invoke(DelegatingMethodAccessorImpl.java:43)
at java.base/java.lang.reflect.Method.invoke(Method.java:568)
at org.testng.internal.invokers.MethodInvocationHelper.invokeMethod(MethodInvocationHelper.java:139)
at org.testng.internal.invokers.TestInvoker.invokeMethod(TestInvoker.java:664)
at org.testng.internal.invokers.TestInvoker.invokeTestMethod(TestInvoker.java:227)
at org.testng.internal.invokers.MethodRunner.runInSequence(MethodRunner.java:50)
at org.testng.internal.invokers.TestInvoker$MethodInvocationAgent.invoke(TestInvoker.java:957)
at org.testng.internal.invokers.TestInvoker.invokeTestMethods(TestInvoker.java:200)
at org.testng.internal.invokers.TestMethodWorker.invokeTestMethods(TestMethodWorker.java:148)
at org.testng.internal.invokers.TestMethodWorker.run(TestMethodWorker.java:128)
at java.base/java.util.ArrayList.forEach(ArrayList.java:1511)
at org.testng.TestRunner.privateRun(TestRunner.java:848)
at org.testng.TestRunner.run(TestRunner.java:621)
at org.testng.SuiteRunner.runTest(SuiteRunner.java:443)
at org.testng.SuiteRunner$SuiteWorker.run(SuiteRunner.java:481)
at org.testng.internal.thread.ThreadUtil.lambda$execute$0(ThreadUtil.java:58)
at java.base/java.util.concurrent.FutureTask.run(FutureTask.java:264)
at java.base/java.util.concurrent.ThreadPoolExecutor.runWorker(ThreadPoolExecutor.java:1136)
at java.base/java.util.concurrent.ThreadPoolExecutor$Worker.run(ThreadPoolExecutor.java:635)
at java.base/java.lang.Thread.run(Thread.java:833)
]]>
            </full-stacktrace>
          </exception> <!-- java.lang.AssertionError -->
          <reporter-output>
          </reporter-output>
        </test-method> <!-- loginErrorValidation -->
        <test-method is-config="true" signature="tearDown()[pri:0, instance:dhruvakumar.tests.ErrorValidationTest@3f270e0a]" started-at="2024-01-05T18:48:02 IST" name="tearDown" finished-at="2024-01-05T18:48:02 IST" duration-ms="294" status="PASS">
          <reporter-output>
          </reporter-output>
        </test-method> <!-- tearDown -->
        <test-method is-config="true" signature="lanuchApplication()[pri:0, instance:dhruvakumar.tests.ErrorValidationTest@3f270e0a]" started-at="2024-01-05T18:48:02 IST" name="lanuchApplication" finished-at="2024-01-05T18:48:07 IST" duration-ms="5221" status="PASS">
          <reporter-output>
          </reporter-output>
        </test-method> <!-- lanuchApplication -->
        <test-method signature="productErrorValidation()[pri:0, instance:dhruvakumar.tests.ErrorValidationTest@3f270e0a]" started-at="2024-01-05T18:48:07 IST" name="productErrorValidation" finished-at="2024-01-05T18:48:10 IST" duration-ms="2902" status="PASS">
          <reporter-output>
          </reporter-output>
        </test-method> <!-- productErrorValidation -->
        <test-method is-config="true" signature="tearDown()[pri:0, instance:dhruvakumar.tests.ErrorValidationTest@3f270e0a]" started-at="2024-01-05T18:48:10 IST" name="tearDown" finished-at="2024-01-05T18:48:10 IST" duration-ms="184" status="PASS">
          <reporter-output>
          </reporter-output>
        </test-method> <!-- tearDown -->
      </class> <!-- dhruvakumar.tests.ErrorValidationTest -->
    </test> <!-- Error Validation Test -->
    <test started-at="2024-01-05T18:47:54 IST" name="Submit Order Test" finished-at="2024-01-05T18:48:31 IST" duration-ms="37149">
      <class name="dhruvakumar.tests.SubmitOrderTest">
        <test-method is-config="true" signature="lanuchApplication()[pri:0, instance:dhruvakumar.tests.SubmitOrderTest@4ed5eb72]" started-at="2024-01-05T18:47:55 IST" name="lanuchApplication" finished-at="2024-01-05T18:48:00 IST" duration-ms="5256" status="PASS">
          <reporter-output>
          </reporter-output>
        </test-method> <!-- lanuchApplication -->
        <test-method signature="submitOrder(java.util.HashMap)[pri:0, instance:dhruvakumar.tests.SubmitOrderTest@4ed5eb72]" started-at="2024-01-05T18:48:00 IST" name="submitOrder" data-provider="getData" finished-at="2024-01-05T18:48:05 IST" duration-ms="4628" status="PASS">
          <params>
            <param index="0">
              <value>
                <![CDATA[{password=Dhruvad@17, email=dhkr45@gmail.com, productName=ZARA COAT 3}]]>
              </value>
            </param>
          </params>
          <reporter-output>
          </reporter-output>
        </test-method> <!-- submitOrder -->
        <test-method is-config="true" signature="tearDown()[pri:0, instance:dhruvakumar.tests.SubmitOrderTest@4ed5eb72]" started-at="2024-01-05T18:48:05 IST" name="tearDown" finished-at="2024-01-05T18:48:05 IST" duration-ms="206" status="PASS">
          <reporter-output>
          </reporter-output>
        </test-method> <!-- tearDown -->
        <test-method is-config="true" signature="lanuchApplication()[pri:0, instance:dhruvakumar.tests.SubmitOrderTest@4ed5eb72]" started-at="2024-01-05T18:48:05 IST" name="lanuchApplication" finished-at="2024-01-05T18:48:09 IST" duration-ms="4191" status="PASS">
          <reporter-output>
          </reporter-output>
        </test-method> <!-- lanuchApplication -->
        <test-method signature="submitOrder(java.util.HashMap)[pri:0, instance:dhruvakumar.tests.SubmitOrderTest@4ed5eb72]" started-at="2024-01-05T18:48:09 IST" name="submitOrder" data-provider="getData" finished-at="2024-01-05T18:48:25 IST" duration-ms="15916" status="PASS">
          <params>
            <param index="0">
              <value>
                <![CDATA[{password=Dhruvad@17, email=dhkr@gmail.com, productName=ADIDAS ORIGINAL}]]>
              </value>
            </param>
          </params>
          <reporter-output>
          </reporter-output>
        </test-method> <!-- submitOrder -->
        <test-method is-config="true" signature="tearDown()[pri:0, instance:dhruvakumar.tests.SubmitOrderTest@4ed5eb72]" started-at="2024-01-05T18:48:25 IST" name="tearDown" finished-at="2024-01-05T18:48:26 IST" duration-ms="310" status="PASS">
          <reporter-output>
          </reporter-output>
        </test-method> <!-- tearDown -->
        <test-method is-config="true" signature="lanuchApplication()[pri:0, instance:dhruvakumar.tests.SubmitOrderTest@4ed5eb72]" started-at="2024-01-05T18:48:26 IST" name="lanuchApplication" finished-at="2024-01-05T18:48:30 IST" duration-ms="4016" status="PASS">
          <reporter-output>
          </reporter-output>
        </test-method> <!-- lanuchApplication -->
        <test-method signature="OrderHistoryTest()[pri:0, instance:dhruvakumar.tests.SubmitOrderTest@4ed5eb72]" started-at="2024-01-05T18:48:30 IST" name="OrderHistoryTest" finished-at="2024-01-05T18:48:31 IST" depends-on-methods="dhruvakumar.tests.SubmitOrderTest.submitOrder" duration-ms="1621" status="PASS">
          <reporter-output>
          </reporter-output>
        </test-method> <!-- OrderHistoryTest -->
        <test-method is-config="true" signature="tearDown()[pri:0, instance:dhruvakumar.tests.SubmitOrderTest@4ed5eb72]" started-at="2024-01-05T18:48:31 IST" name="tearDown" finished-at="2024-01-05T18:48:31 IST" duration-ms="203" status="PASS">
          <reporter-output>
          </reporter-output>
        </test-method> <!-- tearDown -->
      </class> <!-- dhruvakumar.tests.SubmitOrderTest -->
    </test> <!-- Submit Order Test -->
  </suite> <!-- E-Commerce App -->
</testng-results>
